#
# A fatal error has been detected by the Java Runtime Environment:
#
#  Internal Error (javaClasses.cpp:129), pid=12096, tid=139649575855872
#  fatal error: Invalid layout of preloaded class
#
# JRE version: 7.0_21-b02
# Java VM: OpenJDK 64-Bit Server VM (23.7-b01 mixed mode linux-amd64 compressed oops)
# Failed to write core dump. Core dumps have been disabled. To enable core dumping, try "ulimit -c unlimited" before starting Java again
#
# If you would like to submit a bug report, please include
# instructions on how to reproduce the bug and visit:
#   http://icedtea.classpath.org/bugzilla
#

---------------  T H R E A D  ---------------

Current thread (0x00007f02ac007800):  JavaThread "Unknown thread" [_thread_in_vm, id=12097, stack(0x00007f02b34ca000,0x00007f02b35cb000)]

Stack: [0x00007f02b34ca000,0x00007f02b35cb000],  sp=0x00007f02b35c9a00,  free space=1022k
Native frames: (J=compiled Java code, j=interpreted, Vv=VM code, C=native code)
V  [libjvm.so+0x8921bb]  JVM_handle_linux_signal+0x1614bb
V  [libjvm.so+0x406354]  dlerror+0x406354
V  [libjvm.so+0x54a212]  AsyncGetCallTrace+0xd2eb2
V  [libjvm.so+0x54a846]  AsyncGetCallTrace+0xd34e6
V  [libjvm.so+0x81d41a]  JVM_handle_linux_signal+0xec71a
V  [libjvm.so+0x86a438]  JVM_handle_linux_signal+0x139738
V  [libjvm.so+0x86aa44]  JVM_handle_linux_signal+0x139d44
V  [libjvm.so+0x4ff36a]  AsyncGetCallTrace+0x8800a
V  [libjvm.so+0x84e32a]  JVM_handle_linux_signal+0x11d62a
V  [libjvm.so+0x56943d]  JNI_CreateJavaVM+0x4d
C  [libjli.so+0x29b8]  getenv+0x29b8


---------------  P R O C E S S  ---------------

Java Threads: ( => current thread )

Other Threads:

=>0x00007f02ac007800 (exited) JavaThread "Unknown thread" [_thread_in_vm, id=12097, stack(0x00007f02b34ca000,0x00007f02b35cb000)]

VM state:not at safepoint (not fully initialized)

VM Mutex/Monitor currently owned by a thread: None

GC Heap History (0 events):
No events

Deoptimization events (0 events):
No events

Internal exceptions (0 events):
No events

Events (10 events):
Event: 0.010 loading class 0x00007f02ac029400 done
Event: 0.010 loading class 0x00007f02ac028ca0 done
Event: 0.010 loading class 0x00007f02ac028c70
Event: 0.010 loading class 0x00007f02ac053e40
Event: 0.010 loading class 0x00007f02ac053e40 done
Event: 0.010 loading class 0x00007f02ac053e80
Event: 0.010 loading class 0x00007f02ac053e80 done
Event: 0.010 loading class 0x00007f02ac053ec0
Event: 0.010 loading class 0x00007f02ac053ec0 done
Event: 0.011 loading class 0x00007f02ac028c70 done


Dynamic libraries:
00400000-00401000 r-xp 00000000 08:05 1468882                            /usr/lib/jvm/java-7-openjdk/jre/bin/java
00600000-00601000 rw-p 00000000 08:05 1468882                            /usr/lib/jvm/java-7-openjdk/jre/bin/java
00d44000-00d65000 rw-p 00000000 00:00 0                                  [heap]
75b000000-75c4c0000 rw-p 00000000 00:00 0 
75c4c0000-765600000 rw-p 00000000 00:00 0 
765600000-76bd10000 rw-p 00000000 00:00 0 
76bd10000-7cc760000 rw-p 00000000 00:00 0 
7cc760000-7cfae0000 rw-p 00000000 00:00 0 
7cfae0000-800000000 rw-p 00000000 00:00 0 
7f0286d80000-7f028c000000 rw-p 00000000 00:00 0 
7f028c000000-7f028c021000 rw-p 00000000 00:00 0 
7f028c021000-7f0290000000 ---p 00000000 00:00 0 
7f0294000000-7f0294021000 rw-p 00000000 00:00 0 
7f0294021000-7f0298000000 ---p 00000000 00:00 0 
7f029c000000-7f029c021000 rw-p 00000000 00:00 0 
7f029c021000-7f02a0000000 ---p 00000000 00:00 0 
7f02a2b60000-7f02a4000000 rw-p 00000000 00:00 0 
7f02a4000000-7f02a4021000 rw-p 00000000 00:00 0 
7f02a4021000-7f02a8000000 ---p 00000000 00:00 0 
7f02a8a85000-7f02a8abb000 rw-p 00000000 00:00 0 
7f02a8abb000-7f02a8b81000 r--s 0116f000 08:05 2493268                    /opt/android-sdk/platforms/android-17/android.jar
7f02a8b81000-7f02a8ba9000 rw-p 00000000 00:00 0 
7f02a8ba9000-7f02a8baa000 ---p 00000000 00:00 0 
7f02a8baa000-7f02a8caa000 rw-p 00000000 00:00 0                          [stack:12103]
7f02a8caa000-7f02a8cab000 ---p 00000000 00:00 0 
7f02a8cab000-7f02a8dab000 rw-p 00000000 00:00 0                          [stack:12100]
7f02a8dab000-7f02a8dac000 ---p 00000000 00:00 0 
7f02a8dac000-7f02a8eac000 rw-p 00000000 00:00 0                          [stack:12099]
7f02a8eac000-7f02a8ead000 ---p 00000000 00:00 0 
7f02a8ead000-7f02a8fb8000 rw-p 00000000 00:00 0                          [stack:12098]
7f02a8fb8000-7f02a9000000 rw-p 00000000 00:00 0 
7f02a9000000-7f02a9270000 rwxp 00000000 00:00 0 
7f02a9270000-7f02ac05e000 rw-p 00000000 00:00 0 
7f02ac05e000-7f02b0000000 ---p 00000000 00:00 0 
7f02b001c000-7f02b0050000 rw-p 00000000 00:00 0 
7f02b0050000-7f02b0355000 rw-p 00000000 00:00 0 
7f02b0355000-7f02b0360000 rw-p 00000000 00:00 0 
7f02b0360000-7f02b03a8000 rw-p 00000000 00:00 0 
7f02b03a8000-7f02b03dc000 rw-p 00000000 00:00 0 
7f02b03dc000-7f02b06e0000 rw-p 00000000 00:00 0 
7f02b06e0000-7f02b06fb000 rw-p 00000000 00:00 0 
7f02b06fb000-7f02b087d000 rw-p 00000000 00:00 0 
7f02b087d000-7f02b087e000 rw-p 00000000 00:00 0 
7f02b087e000-7f02b0886000 r-xp 00000000 08:05 1457715                    /usr/lib/jvm/java-7-openjdk/jre/lib/amd64/libzip.so
7f02b0886000-7f02b0a85000 ---p 00008000 08:05 1457715                    /usr/lib/jvm/java-7-openjdk/jre/lib/amd64/libzip.so
7f02b0a85000-7f02b0a86000 rw-p 00007000 08:05 1457715                    /usr/lib/jvm/java-7-openjdk/jre/lib/amd64/libzip.so
7f02b0a86000-7f02b0a91000 r-xp 00000000 08:05 1311128                    /usr/lib/libnss_files-2.17.so
7f02b0a91000-7f02b0c91000 ---p 0000b000 08:05 1311128                    /usr/lib/libnss_files-2.17.so
7f02b0c91000-7f02b0c92000 r--p 0000b000 08:05 1311128                    /usr/lib/libnss_files-2.17.so
7f02b0c92000-7f02b0c93000 rw-p 0000c000 08:05 1311128                    /usr/lib/libnss_files-2.17.so
7f02b0c93000-7f02b0cbe000 r-xp 00000000 08:05 1457714                    /usr/lib/jvm/java-7-openjdk/jre/lib/amd64/libjava.so
7f02b0cbe000-7f02b0ebd000 ---p 0002b000 08:05 1457714                    /usr/lib/jvm/java-7-openjdk/jre/lib/amd64/libjava.so
7f02b0ebd000-7f02b0ebf000 rw-p 0002a000 08:05 1457714                    /usr/lib/jvm/java-7-openjdk/jre/lib/amd64/libjava.so
7f02b0ebf000-7f02b0ecc000 r-xp 00000000 08:05 1457713                    /usr/lib/jvm/java-7-openjdk/jre/lib/amd64/libverify.so
7f02b0ecc000-7f02b10cb000 ---p 0000d000 08:05 1457713                    /usr/lib/jvm/java-7-openjdk/jre/lib/amd64/libverify.so
7f02b10cb000-7f02b10cd000 rw-p 0000c000 08:05 1457713                    /usr/lib/jvm/java-7-openjdk/jre/lib/amd64/libverify.so
7f02b10cd000-7f02b10d4000 r-xp 00000000 08:05 1311109                    /usr/lib/librt-2.17.so
7f02b10d4000-7f02b12d3000 ---p 00007000 08:05 1311109                    /usr/lib/librt-2.17.so
7f02b12d3000-7f02b12d4000 r--p 00006000 08:05 1311109                    /usr/lib/librt-2.17.so
7f02b12d4000-7f02b12d5000 rw-p 00007000 08:05 1311109                    /usr/lib/librt-2.17.so
7f02b12d5000-7f02b12ea000 r-xp 00000000 08:05 1354247                    /usr/lib/libgcc_s.so.1
7f02b12ea000-7f02b14ea000 ---p 00015000 08:05 1354247                    /usr/lib/libgcc_s.so.1
7f02b14ea000-7f02b14eb000 rw-p 00015000 08:05 1354247                    /usr/lib/libgcc_s.so.1
7f02b14eb000-7f02b15e8000 r-xp 00000000 08:05 1311126                    /usr/lib/libm-2.17.so
7f02b15e8000-7f02b17e7000 ---p 000fd000 08:05 1311126                    /usr/lib/libm-2.17.so
7f02b17e7000-7f02b17e8000 r--p 000fc000 08:05 1311126                    /usr/lib/libm-2.17.so
7f02b17e8000-7f02b17e9000 rw-p 000fd000 08:05 1311126                    /usr/lib/libm-2.17.so
7f02b17e9000-7f02b18cf000 r-xp 00000000 08:05 1311363                    /usr/lib/libstdc++.so.6.0.18
7f02b18cf000-7f02b1ace000 ---p 000e6000 08:05 1311363                    /usr/lib/libstdc++.so.6.0.18
7f02b1ace000-7f02b1ad6000 r--p 000e5000 08:05 1311363                    /usr/lib/libstdc++.so.6.0.18
7f02b1ad6000-7f02b1ad8000 rw-p 000ed000 08:05 1311363                    /usr/lib/libstdc++.so.6.0.18
7f02b1ad8000-7f02b1aed000 rw-p 00000000 00:00 0 
7f02b1aed000-7f02b251f000 r-xp 00000000 08:05 1468881                    /usr/lib/jvm/java-7-openjdk/jre/lib/amd64/server/libjvm.so
7f02b251f000-7f02b271f000 ---p 00a32000 08:05 1468881                    /usr/lib/jvm/java-7-openjdk/jre/lib/amd64/server/libjvm.so
7f02b271f000-7f02b27c0000 rw-p 00a32000 08:05 1468881                    /usr/lib/jvm/java-7-openjdk/jre/lib/amd64/server/libjvm.so
7f02b27c0000-7f02b27eb000 rw-p 00000000 00:00 0 
7f02b27eb000-7f02b298e000 r-xp 00000000 08:05 1311081                    /usr/lib/libc-2.17.so
7f02b298e000-7f02b2b8e000 ---p 001a3000 08:05 1311081                    /usr/lib/libc-2.17.so
7f02b2b8e000-7f02b2b92000 r--p 001a3000 08:05 1311081                    /usr/lib/libc-2.17.so
7f02b2b92000-7f02b2b94000 rw-p 001a7000 08:05 1311081                    /usr/lib/libc-2.17.so
7f02b2b94000-7f02b2b98000 rw-p 00000000 00:00 0 
7f02b2b98000-7f02b2b9b000 r-xp 00000000 08:05 1311104                    /usr/lib/libdl-2.17.so
7f02b2b9b000-7f02b2d9a000 ---p 00003000 08:05 1311104                    /usr/lib/libdl-2.17.so
7f02b2d9a000-7f02b2d9b000 r--p 00002000 08:05 1311104                    /usr/lib/libdl-2.17.so
7f02b2d9b000-7f02b2d9c000 rw-p 00003000 08:05 1311104                    /usr/lib/libdl-2.17.so
7f02b2d9c000-7f02b2db1000 r-xp 00000000 08:05 1317089                    /usr/lib/libz.so.1.2.8
7f02b2db1000-7f02b2fb0000 ---p 00015000 08:05 1317089                    /usr/lib/libz.so.1.2.8
7f02b2fb0000-7f02b2fb1000 r--p 00014000 08:05 1317089                    /usr/lib/libz.so.1.2.8
7f02b2fb1000-7f02b2fb2000 rw-p 00015000 08:05 1317089                    /usr/lib/libz.so.1.2.8
7f02b2fb2000-7f02b2fbf000 r-xp 00000000 08:05 1468878                    /usr/lib/jvm/java-7-openjdk/jre/lib/amd64/jli/libjli.so
7f02b2fbf000-7f02b31be000 ---p 0000d000 08:05 1468878                    /usr/lib/jvm/java-7-openjdk/jre/lib/amd64/jli/libjli.so
7f02b31be000-7f02b31bf000 rw-p 0000c000 08:05 1468878                    /usr/lib/jvm/java-7-openjdk/jre/lib/amd64/jli/libjli.so
7f02b31bf000-7f02b31d6000 r-xp 00000000 08:05 1311100                    /usr/lib/libpthread-2.17.so
7f02b31d6000-7f02b33d5000 ---p 00017000 08:05 1311100                    /usr/lib/libpthread-2.17.so
7f02b33d5000-7f02b33d6000 r--p 00016000 08:05 1311100                    /usr/lib/libpthread-2.17.so
7f02b33d6000-7f02b33d7000 rw-p 00017000 08:05 1311100                    /usr/lib/libpthread-2.17.so
7f02b33d7000-7f02b33db000 rw-p 00000000 00:00 0 
7f02b33db000-7f02b33fc000 r-xp 00000000 08:05 1311088                    /usr/lib/ld-2.17.so
7f02b340a000-7f02b3414000 rw-p 00000000 00:00 0 
7f02b3414000-7f02b34ca000 rw-p 00000000 00:00 0 
7f02b34ca000-7f02b34cd000 ---p 00000000 00:00 0 
7f02b34cd000-7f02b35cf000 rw-p 00000000 00:00 0                          [stack:12097]
7f02b35ef000-7f02b35f1000 rw-p 00000000 00:00 0 
7f02b35f1000-7f02b35f9000 rw-s 00000000 00:1f 363828                     /tmp/hsperfdata_vegaen/12096
7f02b35f9000-7f02b35fa000 rw-p 00000000 00:00 0 
7f02b35fa000-7f02b35fb000 r--p 00000000 00:00 0 
7f02b35fb000-7f02b35fc000 rw-p 00000000 00:00 0 
7f02b35fc000-7f02b35fd000 r--p 00021000 08:05 1311088                    /usr/lib/ld-2.17.so
7f02b35fd000-7f02b35fe000 rw-p 00022000 08:05 1311088                    /usr/lib/ld-2.17.so
7f02b35fe000-7f02b35ff000 rw-p 00000000 00:00 0 
7fffbffea000-7fffc000b000 rw-p 00000000 00:00 0                          [stack]
7fffc01b8000-7fffc01ba000 r-xp 00000000 00:00 0                          [vdso]
ffffffffff600000-ffffffffff601000 r-xp 00000000 00:00 0                  [vsyscall]

VM Arguments:
jvm_args: -Dfile.encoding=UTF-8 -Xbootclasspath:/opt/android-sdk/platforms/android-17/android.jar 
java_command: edu.ucsb.cs290g.secureim.crypto.RSACrypto
Launcher Type: SUN_STANDARD

Environment Variables:
JAVA_HOME=/usr/lib/jvm/java-7-openjdk
PATH=/usr/local/sbin:/usr/local/bin:/usr/bin:/opt/android-sdk/build-tools/17.0.0/:/opt/android-sdk/platform-tools:/opt/android-sdk/tools:/opt/cilk++/bin/:/opt/cuda/bin:/usr/bin/core_perl
USERNAME=vegaen
SHELL=/bin/bash
DISPLAY=:0

Signal Handlers:
SIGSEGV: [libjvm.so+0x892ca0], sa_mask[0]=0x7ffbfeff, sa_flags=0x10000004
SIGBUS: [libjvm.so+0x892ca0], sa_mask[0]=0x7ffbfeff, sa_flags=0x10000004
SIGFPE: [libjvm.so+0x727b40], sa_mask[0]=0x7ffbfeff, sa_flags=0x10000004
SIGPIPE: [libjvm.so+0x727b40], sa_mask[0]=0x7ffbfeff, sa_flags=0x10000004
SIGXFSZ: [libjvm.so+0x727b40], sa_mask[0]=0x7ffbfeff, sa_flags=0x10000004
SIGILL: [libjvm.so+0x727b40], sa_mask[0]=0x7ffbfeff, sa_flags=0x10000004
SIGUSR1: SIG_DFL, sa_mask[0]=0x00000000, sa_flags=0x00000000
SIGUSR2: [libjvm.so+0x727870], sa_mask[0]=0x00000004, sa_flags=0x10000004
SIGHUP: SIG_DFL, sa_mask[0]=0x00000000, sa_flags=0x00000000
SIGINT: SIG_DFL, sa_mask[0]=0x00000000, sa_flags=0x00000000
SIGTERM: SIG_DFL, sa_mask[0]=0x00000000, sa_flags=0x00000000
SIGQUIT: SIG_DFL, sa_mask[0]=0x00000000, sa_flags=0x00000000


---------------  S Y S T E M  ---------------

OS:Linux
uname:Linux 3.9.4-1-ARCH #1 SMP PREEMPT Sat May 25 16:14:55 CEST 2013 x86_64
libc:glibc 2.17 NPTL 2.17 
rlimit: STACK 8192k, CORE 0k, NPROC 79089, NOFILE 4096, AS infinity
load average:0.51 0.51 0.41

/proc/meminfo:
MemTotal:       10129008 kB
MemFree:         5741088 kB
Buffers:          117568 kB
Cached:          1202900 kB
SwapCached:            0 kB
Active:          3151168 kB
Inactive:        1001364 kB
Active(anon):    2833668 kB
Inactive(anon):   350752 kB
Active(file):     317500 kB
Inactive(file):   650612 kB
Unevictable:          32 kB
Mlocked:              32 kB
SwapTotal:             0 kB
SwapFree:              0 kB
Dirty:                 0 kB
Writeback:             0 kB
AnonPages:       2827912 kB
Mapped:           199324 kB
Shmem:            352364 kB
Slab:              71760 kB
SReclaimable:      45044 kB
SUnreclaim:        26716 kB
KernelStack:        3488 kB
PageTables:        43356 kB
NFS_Unstable:          0 kB
Bounce:                0 kB
WritebackTmp:          0 kB
CommitLimit:     5064504 kB
Committed_AS:    6863588 kB
VmallocTotal:   34359738367 kB
VmallocUsed:      384108 kB
VmallocChunk:   34359313020 kB
HardwareCorrupted:     0 kB
AnonHugePages:   1187840 kB
HugePages_Total:       0
HugePages_Free:        0
HugePages_Rsvd:        0
HugePages_Surp:        0
Hugepagesize:       2048 kB
DirectMap4k:       18376 kB
DirectMap2M:    10350592 kB


CPU:total 4 (2 cores per cpu, 2 threads per core) family 6 model 58 stepping 9, cmov, cx8, fxsr, mmx, sse, sse2, sse3, ssse3, sse4.1, sse4.2, popcnt, avx, ht, tsc, tscinvbit, tscinv

/proc/cpuinfo:
processor	: 0
vendor_id	: GenuineIntel
cpu family	: 6
model		: 58
model name	: Intel(R) Core(TM) i7-3517U CPU @ 1.90GHz
stepping	: 9
microcode	: 0x12
cpu MHz		: 800.000
cache size	: 4096 KB
physical id	: 0
siblings	: 4
core id		: 0
cpu cores	: 2
apicid		: 0
initial apicid	: 0
fpu		: yes
fpu_exception	: yes
cpuid level	: 13
wp		: yes
flags		: fpu vme de pse tsc msr pae mce cx8 apic sep mtrr pge mca cmov pat pse36 clflush dts acpi mmx fxsr sse sse2 ss ht tm pbe syscall nx rdtscp lm constant_tsc arch_perfmon pebs bts rep_good nopl xtopology nonstop_tsc aperfmperf eagerfpu pni pclmulqdq dtes64 monitor ds_cpl vmx est tm2 ssse3 cx16 xtpr pdcm pcid sse4_1 sse4_2 x2apic popcnt tsc_deadline_timer aes xsave avx f16c rdrand lahf_lm ida arat epb xsaveopt pln pts dtherm tpr_shadow vnmi flexpriority ept vpid fsgsbase smep erms
bogomips	: 4791.66
clflush size	: 64
cache_alignment	: 64
address sizes	: 36 bits physical, 48 bits virtual
power management:

processor	: 1
vendor_id	: GenuineIntel
cpu family	: 6
model		: 58
model name	: Intel(R) Core(TM) i7-3517U CPU @ 1.90GHz
stepping	: 9
microcode	: 0x12
cpu MHz		: 1900.000
cache size	: 4096 KB
physical id	: 0
siblings	: 4
core id		: 1
cpu cores	: 2
apicid		: 2
initial apicid	: 2
fpu		: yes
fpu_exception	: yes
cpuid level	: 13
wp		: yes
flags		: fpu vme de pse tsc msr pae mce cx8 apic sep mtrr pge mca cmov pat pse36 clflush dts acpi mmx fxsr sse sse2 ss ht tm pbe syscall nx rdtscp lm constant_tsc arch_perfmon pebs bts rep_good nopl xtopology nonstop_tsc aperfmperf eagerfpu pni pclmulqdq dtes64 monitor ds_cpl vmx est tm2 ssse3 cx16 xtpr pdcm pcid sse4_1 sse4_2 x2apic popcnt tsc_deadline_timer aes xsave avx f16c rdrand lahf_lm ida arat epb xsaveopt pln pts dtherm tpr_shadow vnmi flexpriority ept vpid fsgsbase smep erms
bogomips	: 4791.66
clflush size	: 64
cache_alignment	: 64
address sizes	: 36 bits physical, 48 bits virtual
power management:

processor	: 2
vendor_id	: GenuineIntel
cpu family	: 6
model		: 58
model name	: Intel(R) Core(TM) i7-3517U CPU @ 1.90GHz
stepping	: 9
microcode	: 0x12
cpu MHz		: 1900.000
cache size	: 4096 KB
physical id	: 0
siblings	: 4
core id		: 0
cpu cores	: 2
apicid		: 1
initial apicid	: 1
fpu		: yes
fpu_exception	: yes
cpuid level	: 13
wp		: yes
flags		: fpu vme de pse tsc msr pae mce cx8 apic sep mtrr pge mca cmov pat pse36 clflush dts acpi mmx fxsr sse sse2 ss ht tm pbe syscall nx rdtscp lm constant_tsc arch_perfmon pebs bts rep_good nopl xtopology nonstop_tsc aperfmperf eagerfpu pni pclmulqdq dtes64 monitor ds_cpl vmx est tm2 ssse3 cx16 xtpr pdcm pcid sse4_1 sse4_2 x2apic popcnt tsc_deadline_timer aes xsave avx f16c rdrand lahf_lm ida arat epb xsaveopt pln pts dtherm tpr_shadow vnmi flexpriority ept vpid fsgsbase smep erms
bogomips	: 4791.66
clflush size	: 64
cache_alignment	: 64
address sizes	: 36 bits physical, 48 bits virtual
power management:

processor	: 3
vendor_id	: GenuineIntel
cpu family	: 6
model		: 58
model name	: Intel(R) Core(TM) i7-3517U CPU @ 1.90GHz
stepping	: 9
microcode	: 0x12
cpu MHz		: 1900.000
cache size	: 4096 KB
physical id	: 0
siblings	: 4
core id		: 1
cpu cores	: 2
apicid		: 3
initial apicid	: 3
fpu		: yes
fpu_exception	: yes
cpuid level	: 13
wp		: yes
flags		: fpu vme de pse tsc msr pae mce cx8 apic sep mtrr pge mca cmov pat pse36 clflush dts acpi mmx fxsr sse sse2 ss ht tm pbe syscall nx rdtscp lm constant_tsc arch_perfmon pebs bts rep_good nopl xtopology nonstop_tsc aperfmperf eagerfpu pni pclmulqdq dtes64 monitor ds_cpl vmx est tm2 ssse3 cx16 xtpr pdcm pcid sse4_1 sse4_2 x2apic popcnt tsc_deadline_timer aes xsave avx f16c rdrand lahf_lm ida arat epb xsaveopt pln pts dtherm tpr_shadow vnmi flexpriority ept vpid fsgsbase smep erms
bogomips	: 4791.66
clflush size	: 64
cache_alignment	: 64
address sizes	: 36 bits physical, 48 bits virtual
power management:



Memory: 4k page, physical 10129008k(5741088k free), swap 0k(0k free)

vm_info: OpenJDK 64-Bit Server VM (23.7-b01) for linux-amd64 JRE (1.7.0_21-b02), built on May 20 2013 13:30:35 by "nobody" with gcc 4.8.0 20130502 (prerelease)

time: Thu Jun 13 00:12:36 2013
elapsed time: 0 seconds

